{
  "RSpec": {
    "coverage": {
      "/home/unknown/Documents/message_board/spec/rails_helper.rb": [
        null,
        1,
        1,
        1,
        1,
        null,
        null,
        null,
        null,
        null,
        null,
        null,
        null,
        null,
        null,
        null,
        null,
        null,
        null,
        null,
        null,
        null,
        null,
        null,
        1,
        null,
        1,
        null,
        1,
        null,
        null,
        null,
        null,
        1,
        null,
        null,
        null,
        null,
        null,
        null,
        null,
        null,
        null,
        null,
        null,
        null,
        null,
        null,
        1,
        null
      ],
      "/home/unknown/Documents/message_board/app/helpers/application_helper.rb": [
        null,
        1,
        null
      ],
      "/home/unknown/Documents/message_board/app/helpers/replies_helper.rb": [
        null,
        1,
        null
      ],
      "/home/unknown/Documents/message_board/app/helpers/session_helper.rb": [
        null,
        1,
        null
      ],
      "/home/unknown/Documents/message_board/app/helpers/topics_helper.rb": [
        null,
        1,
        null
      ],
      "/home/unknown/Documents/message_board/app/controllers/replies_controller.rb": [
        null,
        1,
        1,
        5,
        2,
        null,
        3,
        3,
        3,
        3,
        3,
        3,
        null,
        null,
        null,
        1,
        null,
        1,
        3,
        null,
        null
      ],
      "/home/unknown/Documents/message_board/app/controllers/application_controller.rb": [
        null,
        1,
        null,
        null,
        1,
        null
      ],
      "/home/unknown/Documents/message_board/app/models/account.rb": [
        null,
        1,
        1,
        1,
        1,
        1,
        1,
        null,
        1,
        null,
        1,
        1,
        null,
        null,
        1,
        null
      ],
      "/home/unknown/Documents/message_board/app/models/reply.rb": [
        null,
        1,
        1,
        1,
        1,
        1,
        null,
        1,
        null,
        1,
        null,
        1,
        null,
        0,
        null,
        null
      ],
      "/home/unknown/Documents/message_board/app/models/topic.rb": [
        null,
        1,
        1,
        1,
        1,
        1,
        1,
        1,
        null,
        1,
        null,
        null,
        null,
        null,
        null,
        null,
        null,
        null,
        null,
        null,
        null,
        null,
        1,
        1,
        null,
        1,
        null,
        1,
        5,
        null,
        null,
        null,
        null,
        null,
        null,
        null,
        null,
        null,
        null,
        1,
        0,
        0,
        null,
        null,
        1,
        null,
        0,
        null,
        null,
        1,
        null,
        null,
        null,
        0,
        0,
        null,
        0,
        null,
        null,
        1,
        0,
        null,
        0,
        0,
        0,
        null,
        0,
        null,
        null,
        null
      ]
    },
    "timestamp": 1420562435
  }
}
